#
# A fatal error has been detected by the Java Runtime Environment:
#
#  EXCEPTION_ACCESS_VIOLATION (0xc0000005) at pc=0x000000006b054bc4, pid=11204, tid=0x0000000000001664
#
# JRE version: OpenJDK Runtime Environment (8.0_112) (build 1.8.0_112-release-736)
# Java VM: OpenJDK 64-Bit Server VM (25.112-b736 mixed mode windows-amd64 compressed oops)
# Problematic frame:
# V  [jvm.dll+0x114bc4]
#
# Failed to write core dump. Minidumps are not enabled by default on client versions of Windows
#
# If you would like to submit a bug report, please visit:
#   http://bugreport.java.com/bugreport/crash.jsp
#

---------------  T H R E A D  ---------------

Current thread (0x000000001660f800):  JavaThread "C2 CompilerThread0" daemon [_thread_in_native, id=5732, stack(0x0000000017500000,0x0000000017600000)]

siginfo: ExceptionCode=0xc0000005, reading address 0xffffffffffffffff

Registers:
RAX=0x000000001e9b7360, RBX=0x00000000000006a9, RCX=0x0004000017f8b840, RDX=0x0000000017f8b840
RSP=0x00000000175ff9a0, RBP=0x00000000175ffb50, RSI=0x000000001946bf30, RDI=0x0000000000003548
R8 =0xfffffff9c0856b24, R9 =0x000000006ad80000, R10=0x0000000000000000, R11=0x0000000000000200
R12=0x0000000002d8df40, R13=0x0000000000000000, R14=0x0000000000000000, R15=0x0000000000000004
RIP=0x000000006b054bc4, EFLAGS=0x0000000000010206

Top of Stack: (sp=0x00000000175ff9a0)
0x00000000175ff9a0:   00000000175ffc40 000000006b1a5fd8
0x00000000175ff9b0:   0000000000000000 00000000175ffb30
0x00000000175ff9c0:   000000001660f800 000000006af5dca1
0x00000000175ff9d0:   00004c61a239f45a 000000006b15cc6d
0x00000000175ff9e0:   00000003db78a885 0000000000004a00
0x00000000175ff9f0:   000000001660f800 000000006af4a8e5
0x00000000175ffa00:   000000001660f800 0000000000000000
0x00000000175ffa10:   000000006b1a5f00 0000000005ab6b10
0x00000000175ffa20:   0000000000004a00 000000006afc0cda
0x00000000175ffa30:   0000000002d81950 000000001660f800
0x00000000175ffa40:   00000000175ffb30 000000001660f800
0x00000000175ffa50:   0000000003e45c00 0000000000000000
0x00000000175ffa60:   0000000000000000 0000000003e45da0
0x00000000175ffa70:   0000000003e45da0 0000000003e45c10
0x00000000175ffa80:   0000000016234ba8 000000001660f800
0x00000000175ffa90:   000000001658f8d0 00004c61a200ff00 

Instructions: (pc=0x000000006b054bc4)
0x000000006b054ba4:   0f b7 41 02 48 83 c1 02 66 85 c0 78 05 e8 8a 4f
0x000000006b054bb4:   0c 00 48 83 c4 28 c3 cc cc cc cc cc 48 83 ec 28
0x000000006b054bc4:   0f b7 41 02 48 83 c1 02 66 85 c0 78 05 e8 7a 4f
0x000000006b054bd4:   0c 00 48 83 c4 28 c3 cc cc cc cc cc 48 89 5c 24 


Register to memory mapping:

RAX=0x000000001e9b7360 is an unknown value
RBX=0x00000000000006a9 is an unknown value
RCX=0x0004000017f8b840 is an unknown value
RDX=0x0000000017f8b840 is an unknown value
RSP=0x00000000175ff9a0 is pointing into the stack for thread: 0x000000001660f800
RBP=0x00000000175ffb50 is pointing into the stack for thread: 0x000000001660f800
RSI=0x000000001946bf30 is an unknown value
RDI=0x0000000000003548 is an unknown value
R8 =0xfffffff9c0856b24 is an unknown value
R9 =0x000000006ad80000 is an unknown value
R10=0x0000000000000000 is an unknown value
R11=0x0000000000000200 is an unknown value
R12=0x0000000002d8df40 is an unknown value
R13=0x0000000000000000 is an unknown value
R14=0x0000000000000000 is an unknown value
R15=0x0000000000000004 is an unknown value


Stack: [0x0000000017500000,0x0000000017600000],  sp=0x00000000175ff9a0,  free space=1022k
Native frames: (J=compiled Java code, j=interpreted, Vv=VM code, C=native code)
V  [jvm.dll+0x114bc4]
V  [jvm.dll+0x1dca1]
V  [jvm.dll+0xa8e5]
V  [jvm.dll+0x80cda]
V  [jvm.dll+0x813ef]
V  [jvm.dll+0x21bfaf]
V  [jvm.dll+0x26c31a]
C  [msvcr100.dll+0x21d9f]
C  [msvcr100.dll+0x21e3b]
C  [KERNEL32.DLL+0x13d2]
C  [ntdll.dll+0x154f4]


Current CompileTask:
C2:4133151 16002       4       org.objectweb.asm.ClassReader::a (3351 bytes)


---------------  P R O C E S S  ---------------

Java Threads: ( => current thread )
  0x00000000192f0800 JavaThread "Cache worker for file hash cache (D:\demo\Tm11\Jdctry\.gradle\4.0-milestone-1\fileHashes)" [_thread_blocked, id=1464, stack(0x000000001d190000,0x000000001d290000)]
  0x00000000192ea000 JavaThread "Stdin handler" [_thread_blocked, id=10132, stack(0x000000001ca80000,0x000000001cb80000)]
  0x00000000192e9000 JavaThread "Asynchronous log dispatcher for DefaultDaemonConnection: socket connection from /127.0.0.1:10237 to /127.0.0.1:35817" [_thread_blocked, id=10472, stack(0x000000001a550000,0x000000001a650000)]
  0x00000000192ec000 JavaThread "Cancel handler" [_thread_blocked, id=11432, stack(0x0000000019d50000,0x0000000019e50000)]
  0x00000000192e8800 JavaThread "Handler for socket connection from /127.0.0.1:10237 to /127.0.0.1:35817" [_thread_in_native, id=12408, stack(0x0000000019c50000,0x0000000019d50000)]
  0x00000000192ea800 JavaThread "Daemon worker Thread 6" [_thread_in_native, id=11888, stack(0x0000000019e50000,0x0000000019f50000)]
  0x00000000192eb800 JavaThread "Daemon Thread 6" [_thread_blocked, id=11284, stack(0x0000000019950000,0x0000000019a50000)]
  0x0000000019170000 JavaThread "Memory manager" [_thread_blocked, id=5124, stack(0x000000001e2a0000,0x000000001e3a0000)]
  0x00000000189ec800 JavaThread "File lock request listener" [_thread_in_native, id=11880, stack(0x000000001a250000,0x000000001a350000)]
  0x0000000018174000 JavaThread "Cache worker for file hash cache (C:\Users\SeanM\.gradle\caches\4.0-milestone-1\fileHashes)" [_thread_blocked, id=11892, stack(0x000000001a150000,0x000000001a250000)]
  0x0000000018947800 JavaThread "Daemon periodic checks" [_thread_blocked, id=10516, stack(0x0000000019850000,0x0000000019950000)]
  0x00000000187c0000 JavaThread "Incoming local TCP Connector on port 10237" [_thread_in_native, id=12188, stack(0x00000000196f0000,0x00000000197f0000)]
  0x000000001762d800 JavaThread "Service Thread" daemon [_thread_blocked, id=10020, stack(0x0000000017b00000,0x0000000017c00000)]
  0x000000001664e000 JavaThread "C1 CompilerThread1" daemon [_thread_blocked, id=11732, stack(0x0000000017a00000,0x0000000017b00000)]
=>0x000000001660f800 JavaThread "C2 CompilerThread0" daemon [_thread_in_native, id=5732, stack(0x0000000017500000,0x0000000017600000)]
  0x000000001660d000 JavaThread "Attach Listener" daemon [_thread_blocked, id=4812, stack(0x0000000017400000,0x0000000017500000)]
  0x00000000165b8800 JavaThread "Signal Dispatcher" daemon [_thread_blocked, id=10864, stack(0x0000000017300000,0x0000000017400000)]
  0x000000001658e800 JavaThread "Finalizer" daemon [_thread_blocked, id=11712, stack(0x0000000017200000,0x0000000017300000)]
  0x0000000016563800 JavaThread "Reference Handler" daemon [_thread_blocked, id=11716, stack(0x0000000017100000,0x0000000017200000)]
  0x0000000002d82800 JavaThread "main" [_thread_blocked, id=1704, stack(0x0000000002c80000,0x0000000002d80000)]

Other Threads:
  0x000000001655c800 VMThread [stack: 0x0000000017000000,0x0000000017100000] [id=11636]
  0x0000000017631000 WatcherThread [stack: 0x0000000017c00000,0x0000000017d00000] [id=11744]

VM state:not at safepoint (normal execution)

VM Mutex/Monitor currently owned by a thread: None

Heap:
 PSYoungGen      total 322048K, used 37686K [0x00000000e0000000, 0x00000000f6100000, 0x0000000100000000)
  eden space 304640K, 6% used [0x00000000e0000000,0x00000000e13ea4b0,0x00000000f2980000)
  from space 17408K, 99% used [0x00000000f3f80000,0x00000000f5063448,0x00000000f5080000)
  to   space 16896K, 0% used [0x00000000f5080000,0x00000000f5080000,0x00000000f6100000)
 ParOldGen       total 110080K, used 77779K [0x00000000a0000000, 0x00000000a6b80000, 0x00000000e0000000)
  object space 110080K, 70% used [0x00000000a0000000,0x00000000a4bf4d60,0x00000000a6b80000)
 Metaspace       used 81353K, capacity 86228K, committed 86360K, reserved 1124352K
  class space    used 10405K, capacity 11247K, committed 11352K, reserved 1048576K

Card table byte_map: [0x0000000012240000,0x0000000012550000] byte_map_base: 0x0000000011d40000

Marking Bits: (ParMarkBitMap*) 0x000000006b6ff8f0
 Begin Bits: [0x0000000012950000, 0x0000000014150000)
 End Bits:   [0x0000000014150000, 0x0000000015950000)

Polling page: 0x0000000001300000

CodeCache: size=245760Kb used=44955Kb max_used=45008Kb free=200804Kb
 bounds [0x0000000002e80000, 0x0000000005ad0000, 0x0000000011e80000]
 total_blobs=13799 nmethods=12989 adapters=722
 compilation: enabled

Compilation events (10 events):
Event: 4130.019 Thread 0x000000001664e000 15998       3       java.net.URL::toURI (12 bytes)
Event: 4130.020 Thread 0x000000001664e000 nmethod 15998 0x0000000005a97810 code [0x0000000005a979a0, 0x0000000005a97e18]
Event: 4130.101 Thread 0x000000001664e000 15999       1       org.gradle.cache.internal.DefaultCacheRepository::access$100 (5 bytes)
Event: 4130.102 Thread 0x000000001664e000 nmethod 15999 0x0000000003646890 code [0x00000000036469e0, 0x0000000003646ad0]
Event: 4130.138 Thread 0x000000001660f800 16000       4       org.gradle.groovy.scripts.DelegatingScriptSource::getClassName (10 bytes)
Event: 4130.141 Thread 0x000000001660f800 nmethod 16000 0x000000000345c490 code [0x000000000345c620, 0x000000000345c848]
Event: 4130.143 Thread 0x000000001660f800 16001       4       org.gradle.groovy.scripts.AbstractUriScriptSource::getClassName (41 bytes)
Event: 4130.145 Thread 0x000000001660f800 nmethod 16001 0x000000000360dd10 code [0x000000000360de80, 0x000000000360e068]
Event: 4130.160 Thread 0x000000001660f800 16002       4       org.objectweb.asm.ClassReader::a (3351 bytes)
Event: 4131.974 Thread 0x000000001660f800 nmethod 16002 0x0000000005aa9d90 code [0x0000000005aaab20, 0x0000000005ab6b10]

GC Heap History (10 events):
Event: 2469.407 GC heap before
{Heap before GC invocations=30 (full 3):
 PSYoungGen      total 314368K, used 312194K [0x00000000e0000000, 0x00000000f4a80000, 0x0000000100000000)
  eden space 296448K, 100% used [0x00000000e0000000,0x00000000f2180000,0x00000000f2180000)
  from space 17920K, 87% used [0x00000000f3900000,0x00000000f48609d8,0x00000000f4a80000)
  to   space 20992K, 0% used [0x00000000f2180000,0x00000000f2180000,0x00000000f3600000)
 ParOldGen       total 110080K, used 53497K [0x00000000a0000000, 0x00000000a6b80000, 0x00000000e0000000)
  object space 110080K, 48% used [0x00000000a0000000,0x00000000a343e7b8,0x00000000a6b80000)
 Metaspace       used 68369K, capacity 71578K, committed 71768K, reserved 1112064K
  class space    used 8906K, capacity 9545K, committed 9560K, reserved 1048576K
Event: 2469.468 GC heap after
Heap after GC invocations=30 (full 3):
 PSYoungGen      total 317440K, used 14030K [0x00000000e0000000, 0x00000000f7f00000, 0x0000000100000000)
  eden space 296448K, 0% used [0x00000000e0000000,0x00000000e0000000,0x00000000f2180000)
  from space 20992K, 66% used [0x00000000f2180000,0x00000000f2f33b60,0x00000000f3600000)
  to   space 21504K, 0% used [0x00000000f6a00000,0x00000000f6a00000,0x00000000f7f00000)
 ParOldGen       total 110080K, used 60282K [0x00000000a0000000, 0x00000000a6b80000, 0x00000000e0000000)
  object space 110080K, 54% used [0x00000000a0000000,0x00000000a3adeab8,0x00000000a6b80000)
 Metaspace       used 68369K, capacity 71578K, committed 71768K, reserved 1112064K
  class space    used 8906K, capacity 9545K, committed 9560K, reserved 1048576K
}
Event: 2476.570 GC heap before
{Heap before GC invocations=31 (full 3):
 PSYoungGen      total 317440K, used 310478K [0x00000000e0000000, 0x00000000f7f00000, 0x0000000100000000)
  eden space 296448K, 100% used [0x00000000e0000000,0x00000000f2180000,0x00000000f2180000)
  from space 20992K, 66% used [0x00000000f2180000,0x00000000f2f33b60,0x00000000f3600000)
  to   space 21504K, 0% used [0x00000000f6a00000,0x00000000f6a00000,0x00000000f7f00000)
 ParOldGen       total 110080K, used 60282K [0x00000000a0000000, 0x00000000a6b80000, 0x00000000e0000000)
  object space 110080K, 54% used [0x00000000a0000000,0x00000000a3adeab8,0x00000000a6b80000)
 Metaspace       used 74093K, capacity 77800K, committed 78040K, reserved 1116160K
  class space    used 9721K, capacity 10424K, committed 10456K, reserved 1048576K
Event: 2476.642 GC heap after
Heap after GC invocations=31 (full 3):
 PSYoungGen      total 368128K, used 20137K [0x00000000e0000000, 0x00000000f8380000, 0x0000000100000000)
  eden space 346624K, 0% used [0x00000000e0000000,0x00000000e0000000,0x00000000f5280000)
  from space 21504K, 93% used [0x00000000f6a00000,0x00000000f7daa678,0x00000000f7f00000)
  to   space 24064K, 0% used [0x00000000f5280000,0x00000000f5280000,0x00000000f6a00000)
 ParOldGen       total 110080K, used 60578K [0x00000000a0000000, 0x00000000a6b80000, 0x00000000e0000000)
  object space 110080K, 55% used [0x00000000a0000000,0x00000000a3b28ba8,0x00000000a6b80000)
 Metaspace       used 74093K, capacity 77800K, committed 78040K, reserved 1116160K
  class space    used 9721K, capacity 10424K, committed 10456K, reserved 1048576K
}
Event: 3532.607 GC heap before
{Heap before GC invocations=32 (full 3):
 PSYoungGen      total 368128K, used 366761K [0x00000000e0000000, 0x00000000f8380000, 0x0000000100000000)
  eden space 346624K, 100% used [0x00000000e0000000,0x00000000f5280000,0x00000000f5280000)
  from space 21504K, 93% used [0x00000000f6a00000,0x00000000f7daa678,0x00000000f7f00000)
  to   space 24064K, 0% used [0x00000000f5280000,0x00000000f5280000,0x00000000f6a00000)
 ParOldGen       total 110080K, used 60578K [0x00000000a0000000, 0x00000000a6b80000, 0x00000000e0000000)
  object space 110080K, 55% used [0x00000000a0000000,0x00000000a3b28ba8,0x00000000a6b80000)
 Metaspace       used 77038K, capacity 81070K, committed 81240K, reserved 1120256K
  class space    used 9993K, capacity 10732K, committed 10840K, reserved 1048576K
Event: 3532.712 GC heap after
Heap after GC invocations=32 (full 3):
 PSYoungGen      total 346112K, used 13887K [0x00000000e0000000, 0x00000000f7300000, 0x0000000100000000)
  eden space 331776K, 0% used [0x00000000e0000000,0x00000000e0000000,0x00000000f4400000)
  from space 14336K, 96% used [0x00000000f5280000,0x00000000f600fe20,0x00000000f6080000)
  to   space 18944K, 0% used [0x00000000f6080000,0x00000000f6080000,0x00000000f7300000)
 ParOldGen       total 110080K, used 71899K [0x00000000a0000000, 0x00000000a6b80000, 0x00000000e0000000)
  object space 110080K, 65% used [0x00000000a0000000,0x00000000a4636dc8,0x00000000a6b80000)
 Metaspace       used 77038K, capacity 81070K, committed 81240K, reserved 1120256K
  class space    used 9993K, capacity 10732K, committed 10840K, reserved 1048576K
}
Event: 3940.899 GC heap before
{Heap before GC invocations=33 (full 3):
 PSYoungGen      total 346112K, used 345663K [0x00000000e0000000, 0x00000000f7300000, 0x0000000100000000)
  eden space 331776K, 100% used [0x00000000e0000000,0x00000000f4400000,0x00000000f4400000)
  from space 14336K, 96% used [0x00000000f5280000,0x00000000f600fe20,0x00000000f6080000)
  to   space 18944K, 0% used [0x00000000f6080000,0x00000000f6080000,0x00000000f7300000)
 ParOldGen       total 110080K, used 71899K [0x00000000a0000000, 0x00000000a6b80000, 0x00000000e0000000)
  object space 110080K, 65% used [0x00000000a0000000,0x00000000a4636dc8,0x00000000a6b80000)
 Metaspace       used 77322K, capacity 81620K, committed 81752K, reserved 1120256K
  class space    used 10014K, capacity 10763K, committed 10840K, reserved 1048576K
Event: 3940.921 GC heap after
Heap after GC invocations=33 (full 3):
 PSYoungGen      total 330240K, used 11937K [0x00000000e0000000, 0x00000000f6c80000, 0x0000000100000000)
  eden space 317952K, 0% used [0x00000000e0000000,0x00000000e0000000,0x00000000f3680000)
  from space 12288K, 97% used [0x00000000f6080000,0x00000000f6c287d0,0x00000000f6c80000)
  to   space 23040K, 0% used [0x00000000f3f80000,0x00000000f3f80000,0x00000000f5600000)
 ParOldGen       total 110080K, used 77771K [0x00000000a0000000, 0x00000000a6b80000, 0x00000000e0000000)
  object space 110080K, 70% used [0x00000000a0000000,0x00000000a4bf2d60,0x00000000a6b80000)
 Metaspace       used 77322K, capacity 81620K, committed 81752K, reserved 1120256K
  class space    used 10014K, capacity 10763K, committed 10840K, reserved 1048576K
}
Event: 4127.991 GC heap before
{Heap before GC invocations=34 (full 3):
 PSYoungGen      total 330240K, used 329889K [0x00000000e0000000, 0x00000000f6c80000, 0x0000000100000000)
  eden space 317952K, 100% used [0x00000000e0000000,0x00000000f3680000,0x00000000f3680000)
  from space 12288K, 97% used [0x00000000f6080000,0x00000000f6c287d0,0x00000000f6c80000)
  to   space 23040K, 0% used [0x00000000f3f80000,0x00000000f3f80000,0x00000000f5600000)
 ParOldGen       total 110080K, used 77771K [0x00000000a0000000, 0x00000000a6b80000, 0x00000000e0000000)
  object space 110080K, 70% used [0x00000000a0000000,0x00000000a4bf2d60,0x00000000a6b80000)
 Metaspace       used 81275K, capacity 86176K, committed 86360K, reserved 1124352K
  class space    used 10401K, capacity 11239K, committed 11352K, reserved 1048576K
Event: 4128.011 GC heap after
Heap after GC invocations=34 (full 3):
 PSYoungGen      total 322048K, used 17293K [0x00000000e0000000, 0x00000000f6100000, 0x0000000100000000)
  eden space 304640K, 0% used [0x00000000e0000000,0x00000000e0000000,0x00000000f2980000)
  from space 17408K, 99% used [0x00000000f3f80000,0x00000000f5063448,0x00000000f5080000)
  to   space 16896K, 0% used [0x00000000f5080000,0x00000000f5080000,0x00000000f6100000)
 ParOldGen       total 110080K, used 77779K [0x00000000a0000000, 0x00000000a6b80000, 0x00000000e0000000)
  object space 110080K, 70% used [0x00000000a0000000,0x00000000a4bf4d60,0x00000000a6b80000)
 Metaspace       used 81275K, capacity 86176K, committed 86360K, reserved 1124352K
  class space    used 10401K, capacity 11239K, committed 11352K, reserved 1048576K
}

Deoptimization events (10 events):
Event: 4096.024 Thread 0x00000000192ea800 Uncommon trap: reason=unstable_if action=reinterpret pc=0x00000000052d81a4 method=java.lang.CharacterDataLatin1.digit(II)I @ 60
Event: 4096.313 Thread 0x00000000192ea800 Uncommon trap: reason=class_check action=maybe_recompile pc=0x0000000004c6437c method=java.util.AbstractMap.hashCode()I @ 3
Event: 4096.313 Thread 0x00000000192ea800 Uncommon trap: reason=bimorphic action=maybe_recompile pc=0x0000000005151bfc method=java.util.AbstractMap.equals(Ljava/lang/Object;)Z @ 22
Event: 4096.313 Thread 0x00000000192ea800 Uncommon trap: reason=bimorphic action=maybe_recompile pc=0x0000000004bb65d4 method=com.google.common.cache.LocalCache$Segment.getLiveValue(Lcom/google/common/cache/LocalCache$ReferenceEntry;J)Ljava/lang/Object; @ 21
Event: 4096.961 Thread 0x00000000192ea800 Uncommon trap: reason=bimorphic action=maybe_recompile pc=0x00000000036bed58 method=java.io.InputStream.read([B)I @ 5
Event: 4125.633 Thread 0x00000000192ea800 Uncommon trap: reason=unstable_if action=reinterpret pc=0x0000000005962cec method=com.sun.crypto.provider.GaloisCounterMode.increment32([B)V @ 39
Event: 4125.633 Thread 0x00000000192ea800 Uncommon trap: reason=unstable_if action=reinterpret pc=0x0000000003a1c2d0 method=com.sun.crypto.provider.GaloisCounterMode.increment32([B)V @ 39
Event: 4127.897 Thread 0x00000000192ea800 Uncommon trap: reason=array_check action=maybe_recompile pc=0x0000000005a15830 method=java.util.TimSort.reverseRange([Ljava/lang/Object;II)V @ 27
Event: 4127.950 Thread 0x00000000192ea800 Uncommon trap: reason=range_check action=make_not_entrant pc=0x0000000003ecfc94 method=java.lang.String.charAt(I)C @ 27
Event: 4127.952 Thread 0x00000000192ea800 Uncommon trap: reason=array_check action=maybe_recompile pc=0x0000000005a15830 method=java.util.TimSort.reverseRange([Ljava/lang/Object;II)V @ 27

Internal exceptions (10 events):
Event: 4095.517 Thread 0x00000000192ea800 Exception <a 'sun/nio/fs/WindowsException'> (0x00000000eee34018) thrown at [D:\src\AOSP-openjdk-cygwin\jdk8u\hotspot\src\share\vm\prims\jni.cpp, line 709]
Event: 4095.517 Thread 0x00000000192ea800 Exception <a 'sun/nio/fs/WindowsException'> (0x00000000eee34988) thrown at [D:\src\AOSP-openjdk-cygwin\jdk8u\hotspot\src\share\vm\prims\jni.cpp, line 709]
Event: 4095.518 Thread 0x00000000192ea800 Exception <a 'sun/nio/fs/WindowsException'> (0x00000000eee39040) thrown at [D:\src\AOSP-openjdk-cygwin\jdk8u\hotspot\src\share\vm\prims\jni.cpp, line 709]
Event: 4095.518 Thread 0x00000000192ea800 Exception <a 'sun/nio/fs/WindowsException'> (0x00000000eee39920) thrown at [D:\src\AOSP-openjdk-cygwin\jdk8u\hotspot\src\share\vm\prims\jni.cpp, line 709]
Event: 4095.518 Thread 0x00000000192ea800 Exception <a 'sun/nio/fs/WindowsException'> (0x00000000eee3b358) thrown at [D:\src\AOSP-openjdk-cygwin\jdk8u\hotspot\src\share\vm\prims\jni.cpp, line 709]
Event: 4095.518 Thread 0x00000000192ea800 Exception <a 'sun/nio/fs/WindowsException'> (0x00000000eee3bc48) thrown at [D:\src\AOSP-openjdk-cygwin\jdk8u\hotspot\src\share\vm\prims\jni.cpp, line 709]
Event: 4095.520 Thread 0x00000000192ea800 Exception <a 'sun/nio/fs/WindowsException'> (0x00000000eee62688) thrown at [D:\src\AOSP-openjdk-cygwin\jdk8u\hotspot\src\share\vm\prims\jni.cpp, line 709]
Event: 4096.077 Thread 0x00000000192ea800 Exception <a 'java/lang/NoSuchMethodError': <clinit>> (0x00000000ef1a0fd8) thrown at [D:\src\AOSP-openjdk-cygwin\jdk8u\hotspot\src\share\vm\prims\jni.cpp, line 1613]
Event: 4096.078 Thread 0x00000000192ea800 Exception <a 'java/lang/NoSuchMethodError': <clinit>> (0x00000000ef1b3848) thrown at [D:\src\AOSP-openjdk-cygwin\jdk8u\hotspot\src\share\vm\prims\jni.cpp, line 1613]
Event: 4128.500 Thread 0x00000000192ea800 Exception <a 'sun/nio/fs/WindowsException'> (0x00000000e0dd2f08) thrown at [D:\src\AOSP-openjdk-cygwin\jdk8u\hotspot\src\share\vm\prims\jni.cpp, line 709]

Events (10 events):
Event: 4130.015 Thread 0x00000000192f0800 Thread added: 0x00000000192f0800
Event: 4130.020 Thread 0x000000001664e000 flushing nmethod 0x00000000035d2690
Event: 4130.020 Thread 0x000000001664e000 flushing nmethod 0x000000000360dbd0
Event: 4130.020 Thread 0x000000001664e000 flushing nmethod 0x00000000036465d0
Event: 4130.021 Thread 0x000000001664e000 flushing nmethod 0x00000000036be5d0
Event: 4130.021 Thread 0x000000001664e000 flushing nmethod 0x00000000037aa310
Event: 4130.102 Thread 0x000000001664e000 flushing nmethod 0x0000000003895390
Event: 4130.141 Thread 0x000000001660f800 flushing nmethod 0x0000000003a49390
Event: 4130.141 Thread 0x000000001660f800 flushing nmethod 0x0000000003a4c210
Event: 4130.141 Thread 0x000000001660f800 flushing nmethod 0x0000000003a4ed50


Dynamic libraries:
0x00007ff700650000 - 0x00007ff700681000 	D:\as1\android-studio\jre\bin\java.exe
0x00007ffadb120000 - 0x00007ffadb2cd000 	C:\WINDOWS\SYSTEM32\ntdll.dll
0x00007ffad94d0000 - 0x00007ffad960e000 	C:\WINDOWS\system32\KERNEL32.DLL
0x00007ffad8350000 - 0x00007ffad8465000 	C:\WINDOWS\system32\KERNELBASE.dll
0x00007ffad9670000 - 0x00007ffad971a000 	C:\WINDOWS\system32\ADVAPI32.dll
0x00007ffadafa0000 - 0x00007ffadb117000 	C:\WINDOWS\system32\USER32.dll
0x00007ffad6360000 - 0x00007ffad65db000 	C:\WINDOWS\WinSxS\amd64_microsoft.windows.common-controls_6595b64144ccf1df_6.0.9600.18006_none_623f33d3ecbe86e8\COMCTL32.dll
0x00007ffad8d60000 - 0x00007ffad8e0a000 	C:\WINDOWS\system32\msvcrt.dll
0x00007ffadad20000 - 0x00007ffadad79000 	C:\WINDOWS\SYSTEM32\sechost.dll
0x00007ffadae40000 - 0x00007ffadaf80000 	C:\WINDOWS\system32\RPCRT4.dll
0x00007ffad8a60000 - 0x00007ffad8bab000 	C:\WINDOWS\system32\GDI32.dll
0x00007ffad8320000 - 0x00007ffad834e000 	C:\WINDOWS\system32\SspiCli.dll
0x00007ffad9630000 - 0x00007ffad9666000 	C:\WINDOWS\system32\IMM32.DLL
0x00007ffad9370000 - 0x00007ffad94c1000 	C:\WINDOWS\system32\MSCTF.dll
0x000000006ad80000 - 0x000000006ae52000 	D:\as1\android-studio\jre\jre\bin\msvcr100.dll
0x000000006af40000 - 0x000000006b77a000 	D:\as1\android-studio\jre\jre\bin\server\jvm.dll
0x00007fface530000 - 0x00007fface539000 	C:\WINDOWS\SYSTEM32\WSOCK32.dll
0x00007ffad4a70000 - 0x00007ffad4a92000 	C:\WINDOWS\SYSTEM32\WINMM.dll
0x00007ffad49f0000 - 0x00007ffad49fa000 	C:\WINDOWS\SYSTEM32\VERSION.dll
0x00007ffadaf80000 - 0x00007ffadaf87000 	C:\WINDOWS\system32\PSAPI.DLL
0x00007ffadac50000 - 0x00007ffadacaa000 	C:\WINDOWS\system32\WS2_32.dll
0x00007ffad49c0000 - 0x00007ffad49ea000 	C:\WINDOWS\SYSTEM32\WINMMBASE.dll
0x00007ffad8d50000 - 0x00007ffad8d59000 	C:\WINDOWS\system32\NSI.dll
0x00007ffad8760000 - 0x00007ffad87af000 	C:\WINDOWS\SYSTEM32\cfgmgr32.dll
0x00007ffad7090000 - 0x00007ffad70b8000 	C:\WINDOWS\SYSTEM32\DEVOBJ.dll
0x00007ffad1980000 - 0x00007ffad198f000 	D:\as1\android-studio\jre\jre\bin\verify.dll
0x00007ffad1950000 - 0x00007ffad1979000 	D:\as1\android-studio\jre\jre\bin\java.dll
0x00007ffad00c0000 - 0x00007ffad00d6000 	D:\as1\android-studio\jre\jre\bin\zip.dll
0x00007ffad9720000 - 0x00007ffadac49000 	C:\WINDOWS\system32\SHELL32.dll
0x00007ffad9090000 - 0x00007ffad92a2000 	C:\WINDOWS\SYSTEM32\combase.dll
0x00007ffad9030000 - 0x00007ffad9084000 	C:\WINDOWS\system32\SHLWAPI.dll
0x00007ffad67e0000 - 0x00007ffad6892000 	C:\WINDOWS\SYSTEM32\SHCORE.dll
0x00007ffad8250000 - 0x00007ffad8265000 	C:\WINDOWS\SYSTEM32\profapi.dll
0x00007ffad00a0000 - 0x00007ffad00ba000 	D:\as1\android-studio\jre\jre\bin\net.dll
0x00007ffad7a80000 - 0x00007ffad7ad9000 	C:\WINDOWS\system32\mswsock.dll
0x00007ffad0080000 - 0x00007ffad0091000 	D:\as1\android-studio\jre\jre\bin\nio.dll
0x00007ffac8ff0000 - 0x00007ffac900e000 	C:\Users\SeanM\.gradle\native\25\windows-amd64\native-platform.dll
0x00007ffad7ae0000 - 0x00007ffad7b00000 	C:\WINDOWS\SYSTEM32\CRYPTSP.dll
0x00007ffad7700000 - 0x00007ffad7736000 	C:\WINDOWS\system32\rsaenh.dll
0x00007ffad7d30000 - 0x00007ffad7d56000 	C:\WINDOWS\SYSTEM32\bcrypt.dll
0x00007ffad7810000 - 0x00007ffad7831000 	C:\WINDOWS\SYSTEM32\USERENV.dll
0x00007ffad8050000 - 0x00007ffad80b3000 	C:\WINDOWS\system32\bcryptprimitives.dll
0x00007ffad80c0000 - 0x00007ffad80cb000 	C:\WINDOWS\SYSTEM32\CRYPTBASE.dll
0x00007ffad1e30000 - 0x00007ffad1e5a000 	C:\WINDOWS\SYSTEM32\IPHLPAPI.DLL
0x00007ffad18f0000 - 0x00007ffad18fa000 	C:\WINDOWS\SYSTEM32\WINNSI.DLL
0x00007ffad1570000 - 0x00007ffad1586000 	C:\WINDOWS\SYSTEM32\dhcpcsvc6.DLL
0x00007ffad15e0000 - 0x00007ffad15fa000 	C:\WINDOWS\SYSTEM32\dhcpcsvc.DLL
0x00007ffacc9e0000 - 0x00007ffacc9ed000 	D:\as1\android-studio\jre\jre\bin\management.dll
0x00007ffad03f0000 - 0x00007ffad0414000 	D:\as1\android-studio\jre\jre\bin\sunec.dll
0x00007ffad7880000 - 0x00007ffad7924000 	C:\WINDOWS\SYSTEM32\DNSAPI.dll
0x00007ffacf8e0000 - 0x00007ffacf8ea000 	C:\Windows\System32\rasadhlp.dll
0x00007ffad1690000 - 0x00007ffad16fb000 	C:\WINDOWS\System32\fwpuclnt.dll
0x00007ffad0070000 - 0x00007ffad007b000 	D:\as1\android-studio\jre\jre\bin\sunmscapi.dll
0x00007ffad8520000 - 0x00007ffad86ff000 	C:\WINDOWS\system32\CRYPT32.dll
0x00007ffad8300000 - 0x00007ffad8311000 	C:\WINDOWS\system32\MSASN1.dll
0x00007ffac91b0000 - 0x00007ffac9339000 	C:\WINDOWS\SYSTEM32\dbghelp.dll

VM Arguments:
jvm_args: -Xmx1536m -Dfile.encoding=GBK -Duser.country=CN -Duser.language=zh -Duser.variant 
java_command: org.gradle.launcher.daemon.bootstrap.GradleDaemon 4.0-milestone-1
java_class_path (initial): C:\Users\SeanM\.gradle\wrapper\dists\gradle-4.0-milestone-1-all\2rnr7rhi2zsmkxo9re7615fy6\gradle-4.0-milestone-1\lib\gradle-launcher-4.0.jar
Launcher Type: SUN_STANDARD

Environment Variables:
JAVA_HOME=C:\Program Files\Java\jdk1.8.0
CLASSPATH=.;C:\Program Files\Java\jdk1.8.0/lib/tools.jar;C:\Program Files\Java\jdk1.8.0/lib/dt.jar;D:\apache-tomcat-7.0.53-windows-x64\lib\jsp-api.jar;D:\apache-tomcat-7.0.53-windows-x64\lib\servlet-api.jar
PATH=C:\Program Files\Java\jdk1.8.0/bin;C:\Program Files (x86)\Intel\iCLS Client\;C:\Program Files\Intel\iCLS Client\;C:\WINDOWS\system32;C:\WINDOWS;C:\WINDOWS\System32\Wbem;C:\WINDOWS\System32\WindowsPowerShell\v1.0\;C:\Program Files\Intel\Intel(R) Management Engine Components\DAL;C:\Program Files\Intel\Intel(R) Management Engine Components\IPT;C:\Program Files (x86)\Intel\Intel(R) Management Engine Components\DAL;C:\Program Files (x86)\Intel\Intel(R) Management Engine Components\IPT;C:\Program Files (x86)\Windows Live\Shared;C:\Cadence\SPB_16.6\tools\pcb\bin;C:\Cadence\SPB_16.6\tools\bin;C:\Cadence\SPB_16.6\tools\libutil\bin;C:\Cadence\SPB_16.6\tools\fet\bin;C:\Cadence\SPB_16.6\tools\specctra\bin;C:\Cadence\SPB_16.6\tools\pspice;C:\Cadence\SPB_16.6\tools\capture;C:\Cadence\SPB_16.6\openaccess\bin\win32\opt;C:\Program Files\IDM Computer Solutions\UltraEditC:\Program Files\Java\jdk1.8.0/bin;C:\Program Files\nodejs\;C:\Program Files\MySQL\MySQL Server 5.6\bin;C:\Program Files\TortoiseSVN\bin;C:\Program Files (x86)\NVIDIA Corporation\PhysX\Common;%USERPROFILE%\.dnx\bin;C:\Program Files\Microsoft DNX\Dnvm\;C:\Program Files\Microsoft SQL Server\120\Tools\Binn\;C:\Program Files\Microsoft SQL Server\130\Tools\Binn\;C:\Program Files\Git\cmd;C:\Users\SeanM\AppData\Roaming\npm
USERNAME=SeanM
OS=Windows_NT
PROCESSOR_IDENTIFIER=Intel64 Family 6 Model 58 Stepping 9, GenuineIntel



---------------  S Y S T E M  ---------------

OS: Windows 8.1 , 64 bit Build 9600 (6.3.9600.17415)

CPU:total 2 (2 cores per cpu, 1 threads per core) family 6 model 58 stepping 9, cmov, cx8, fxsr, mmx, sse, sse2, sse3, ssse3, sse4.1, sse4.2, popcnt, clmul, erms, tsc, tscinvbit, tscinv

Memory: 4k page, physical 8353800k(3494412k free), swap 16742412k(10934688k free)

vm_info: OpenJDK 64-Bit Server VM (25.112-b736) for windows-amd64 JRE (1.8.0_112-release-736), built on Mar  6 2017 17:02:07 by "builder" with MS VC++ 10.0 (VS2010)

time: Tue Oct 24 09:48:37 2017
elapsed time: 4132 seconds (0d 1h 8m 52s)

